#
# There is insufficient memory for the Java Runtime Environment to continue.
# Native memory allocation (mmap) failed to map 268435456 bytes for G1 virtual space
# Possible reasons:
#   The system is out of physical RAM or swap space
#   The process is running with CompressedOops enabled, and the Java Heap may be blocking the growth of the native heap
# Possible solutions:
#   Reduce memory load on the system
#   Increase physical memory or swap space
#   Check if swap backing store is full
#   Decrease Java heap size (-Xmx/-Xms)
#   Decrease number of Java threads
#   Decrease Java thread stack sizes (-Xss)
#   Set larger code cache with -XX:ReservedCodeCacheSize=
#   JVM is running with Zero Based Compressed Oops mode in which the Java heap is
#     placed in the first 32GB address space. The Java Heap base address is the
#     maximum limit for the native heap growth. Please use -XX:HeapBaseMinAddress
#     to set the Java Heap base and to place the Java Heap above 32GB virtual address.
# This output file may be truncated or incomplete.
#
#  Out of Memory Error (os_windows.cpp:3753), pid=16580, tid=22356
#
# JRE version:  (17.0.4.1+7) (build )
# Java VM: OpenJDK 64-Bit Server VM (17.0.4.1+7-b469.62, mixed mode, sharing, tiered, compressed oops, compressed class ptrs, g1 gc, windows-amd64)
# No core dump will be written. Minidumps are not enabled by default on client versions of Windows
#

---------------  S U M M A R Y ------------

Command Line: git4idea.http.GitAskPassApp Username for 'https://github.com': 

Host: Intel(R) Xeon(R) Platinum 8272CL CPU @ 2.60GHz, 4 cores, 15G,  Windows 11 , 64 bit Build 22000 (10.0.22000.1516)
Time: Wed Mar 15 06:52:01 2023 Eastern Daylight Time elapsed time: 0.020005 seconds (0d 0h 0m 0s)

---------------  T H R E A D  ---------------

Current thread (0x000002a0a8787f80):  JavaThread "Unknown thread" [_thread_in_vm, id=22356, stack(0x000000fd28c00000,0x000000fd28d00000)]

Stack: [0x000000fd28c00000,0x000000fd28d00000]
Native frames: (J=compiled Java code, j=interpreted, Vv=VM code, C=native code)
V  [jvm.dll+0x68356a]
V  [jvm.dll+0x83fab4]
V  [jvm.dll+0x84125e]
V  [jvm.dll+0x8418c3]
V  [jvm.dll+0x249735]
V  [jvm.dll+0x680439]
V  [jvm.dll+0x674a7a]
V  [jvm.dll+0x30956b]
V  [jvm.dll+0x310a26]
V  [jvm.dll+0x36089e]
V  [jvm.dll+0x360acf]
V  [jvm.dll+0x2df658]
V  [jvm.dll+0x2e05c4]
V  [jvm.dll+0x8112a1]
V  [jvm.dll+0x36e6f1]
V  [jvm.dll+0x7f076c]
V  [jvm.dll+0x3f180f]
V  [jvm.dll+0x3f3351]
C  [jli.dll+0x526b]
C  [ucrtbase.dll+0x26c0c]
C  [KERNEL32.DLL+0x155a0]
C  [ntdll.dll+0x485b]


---------------  P R O C E S S  ---------------

Threads class SMR info:
_java_thread_list=0x00007fff9e607f58, length=0, elements={
}

Java Threads: ( => current thread )

Other Threads:
  0x000002a0a87f3b10 GCTaskThread "GC Thread#0" [stack: 0x000000fd28d00000,0x000000fd28e00000] [id=19664]
  0x000002a0a8805bc0 ConcurrentGCThread "G1 Main Marker" [stack: 0x000000fd28e00000,0x000000fd28f00000] [id=21648]
  0x000002a0a8806d70 ConcurrentGCThread "G1 Conc#0" [stack: 0x000000fd28f00000,0x000000fd29000000] [id=6944]

[error occurred during error reporting (printing all threads), id 0xc0000005, EXCEPTION_ACCESS_VIOLATION (0xc0000005) at pc=0x00007fff9ddc0217]

VM state: not at safepoint (not fully initialized)

VM Mutex/Monitor currently owned by a thread:  ([mutex/lock_event])
[0x000002a0a8783950] Heap_lock - owner thread: 0x000002a0a8787f80

Heap address: 0x0000000700000000, size: 4096 MB, Compressed Oops mode: Zero based, Oop shift amount: 3

CDS archive(s) mapped at: [0x0000000000000000-0x0000000000000000-0x0000000000000000), size 0, SharedBaseAddress: 0x0000000800000000, ArchiveRelocationMode: 0.
Narrow klass base: 0x0000000000000000, Narrow klass shift: 0, Narrow klass range: 0x0

GC Precious Log:
<Empty>

Heap:
 garbage-first heap   total 0K, used 0K [0x0000000700000000, 0x0000000800000000)
  region size 2048K, 0 young (0K), 0 survivors (0K)

[error occurred during error reporting (printing heap information), id 0xc0000005, EXCEPTION_ACCESS_VIOLATION (0xc0000005) at pc=0x00007fff9e1ad1f9]

GC Heap History (0 events):
No events

Deoptimization events (0 events):
No events

Classes unloaded (0 events):
No events

Classes redefined (0 events):
No events

Internal exceptions (0 events):
No events

VM Operations (0 events):
No events

Events (1 events):
Event: 0.009 Loaded shared library C:\Program Files\JetBrains\PyCharm Community Edition 2022.2.3\jbr\bin\java.dll


Dynamic libraries:
0x00007ff73b3b0000 - 0x00007ff73b3ba000 	C:\Program Files\JetBrains\PyCharm Community Edition 2022.2.3\jbr\bin\java.exe
0x00007ff80a060000 - 0x00007ff80a269000 	C:\Windows\SYSTEM32\ntdll.dll
0x00007ff809570000 - 0x00007ff80962e000 	C:\Windows\System32\KERNEL32.DLL
0x00007ff8075f0000 - 0x00007ff80796c000 	C:\Windows\System32\KERNELBASE.dll
0x00007ff807b80000 - 0x00007ff807c91000 	C:\Windows\System32\ucrtbase.dll
0x00007fffc13f0000 - 0x00007fffc140b000 	C:\Program Files\JetBrains\PyCharm Community Edition 2022.2.3\jbr\bin\VCRUNTIME140.dll
0x00007fffbff00000 - 0x00007fffbff17000 	C:\Program Files\JetBrains\PyCharm Community Edition 2022.2.3\jbr\bin\jli.dll
0x00007ff809a10000 - 0x00007ff809bbd000 	C:\Windows\System32\USER32.dll
0x00007ffff0900000 - 0x00007ffff0ba5000 	C:\Windows\WinSxS\amd64_microsoft.windows.common-controls_6595b64144ccf1df_6.0.22000.120_none_9d947278b86cc467\COMCTL32.dll
0x00007ff807eb0000 - 0x00007ff807ed6000 	C:\Windows\System32\win32u.dll
0x00007ff809f70000 - 0x00007ff80a013000 	C:\Windows\System32\msvcrt.dll
0x00007ff809d10000 - 0x00007ff809d39000 	C:\Windows\System32\GDI32.dll
0x00007ff8079e0000 - 0x00007ff807af8000 	C:\Windows\System32\gdi32full.dll
0x00007ff807ca0000 - 0x00007ff807d3d000 	C:\Windows\System32\msvcp_win.dll
0x00007ff809cd0000 - 0x00007ff809d02000 	C:\Windows\System32\IMM32.DLL
0x00007fffe2330000 - 0x00007fffe233c000 	C:\Program Files\JetBrains\PyCharm Community Edition 2022.2.3\jbr\bin\vcruntime140_1.dll
0x00007fffbc7c0000 - 0x00007fffbc84d000 	C:\Program Files\JetBrains\PyCharm Community Edition 2022.2.3\jbr\bin\msvcp140.dll
0x00007fff9dad0000 - 0x00007fff9e739000 	C:\Program Files\JetBrains\PyCharm Community Edition 2022.2.3\jbr\bin\server\jvm.dll
0x00007ff809e50000 - 0x00007ff809efe000 	C:\Windows\System32\ADVAPI32.dll
0x00007ff809da0000 - 0x00007ff809e3e000 	C:\Windows\System32\sechost.dll
0x00007ff8096e0000 - 0x00007ff809800000 	C:\Windows\System32\RPCRT4.dll
0x00007ff809430000 - 0x00007ff809438000 	C:\Windows\System32\PSAPI.DLL
0x00007ff800630000 - 0x00007ff800663000 	C:\Windows\SYSTEM32\WINMM.dll
0x00007fffe7490000 - 0x00007fffe7499000 	C:\Windows\SYSTEM32\WSOCK32.dll
0x00007ff8000a0000 - 0x00007ff8000aa000 	C:\Windows\SYSTEM32\VERSION.dll
0x00007ff809f00000 - 0x00007ff809f6f000 	C:\Windows\System32\WS2_32.dll
0x00007ff8065b0000 - 0x00007ff8065c8000 	C:\Windows\SYSTEM32\kernel.appcore.dll
0x00007ff803d10000 - 0x00007ff803d1a000 	C:\Program Files\JetBrains\PyCharm Community Edition 2022.2.3\jbr\bin\jimage.dll
0x00007ffffabf0000 - 0x00007ffffae11000 	C:\Windows\SYSTEM32\DBGHELP.DLL
0x00007ffffaf10000 - 0x00007ffffaf41000 	C:\Windows\SYSTEM32\dbgcore.DLL
0x00007ff807b00000 - 0x00007ff807b7f000 	C:\Windows\System32\bcryptPrimitives.dll
0x00007fffe1120000 - 0x00007fffe1145000 	C:\Program Files\JetBrains\PyCharm Community Edition 2022.2.3\jbr\bin\java.dll

dbghelp: loaded successfully - version: 4.0.5 - missing functions: none
symbol engine: initialized successfully - sym options: 0x614 - pdb path: .;C:\Program Files\JetBrains\PyCharm Community Edition 2022.2.3\jbr\bin;C:\Windows\SYSTEM32;C:\Windows\WinSxS\amd64_microsoft.windows.common-controls_6595b64144ccf1df_6.0.22000.120_none_9d947278b86cc467;C:\Program Files\JetBrains\PyCharm Community Edition 2022.2.3\jbr\bin\server

VM Arguments:
java_command: git4idea.http.GitAskPassApp Username for 'https://github.com': 
java_class_path (initial): C:/Program Files/JetBrains/PyCharm Community Edition 2022.2.3/plugins/git4idea/lib/git4idea-rt.jar;C:/Program Files/JetBrains/PyCharm Community Edition 2022.2.3/lib/externalProcess-rt.jar;C:/Program Files/JetBrains/PyCharm Community Edition 2022.2.3/lib/app.jar;C:/Program Files/JetBrains/PyCharm Community Edition 2022.2.3/lib/3rd-party-rt.jar
Launcher Type: SUN_STANDARD

[Global flags]
     intx CICompilerCount                          = 3                                         {product} {ergonomic}
     uint ConcGCThreads                            = 1                                         {product} {ergonomic}
     uint G1ConcRefinementThreads                  = 4                                         {product} {ergonomic}
   size_t G1HeapRegionSize                         = 2097152                                   {product} {ergonomic}
    uintx GCDrainStackTargetSize                   = 64                                        {product} {ergonomic}
   size_t InitialHeapSize                          = 268435456                                 {product} {ergonomic}
   size_t MarkStackSize                            = 4194304                                   {product} {ergonomic}
   size_t MaxHeapSize                              = 4294967296                                {product} {ergonomic}
   size_t MinHeapDeltaBytes                        = 2097152                                   {product} {ergonomic}
   size_t MinHeapSize                              = 8388608                                   {product} {ergonomic}
    uintx NonNMethodCodeHeapSize                   = 5832780                                {pd product} {ergonomic}
    uintx NonProfiledCodeHeapSize                  = 122912730                              {pd product} {ergonomic}
    uintx ProfiledCodeHeapSize                     = 122912730                              {pd product} {ergonomic}
    uintx ReservedCodeCacheSize                    = 251658240                              {pd product} {ergonomic}
     bool SegmentedCodeCache                       = true                                      {product} {ergonomic}
   size_t SoftMaxHeapSize                          = 4294967296                             {manageable} {ergonomic}
     bool UseCompressedClassPointers               = true                           {product lp64_product} {ergonomic}
     bool UseCompressedOops                        = true                           {product lp64_product} {ergonomic}
     bool UseG1GC                                  = true                                      {product} {ergonomic}
     bool UseLargePagesIndividualAllocation        = false                                  {pd product} {ergonomic}

Logging:
Log output configuration:
 #0: stdout all=warning uptime,level,tags
 #1: stderr all=off uptime,level,tags

Environment Variables:
PATH=C:\Program Files\Git\mingw64\libexec\git-core;C:\Program Files\Git\mingw64\libexec\git-core;C:\Program Files\Git\mingw64\bin;C:\Program Files\Git\usr\bin;C:\Users\vVadapalli\bin;C:\ProgramData\Oracle\Java\javapath;C:\Windows\system32;C:\Windows;C:\Windows\System32\Wbem;C:\Windows\System32\WindowsPowerShell\v1.0;C:\Windows\System32\OpenSSH;C:\Program Files\PuTTY;C:\Program Files\dotnet;C:\Program Files\Java\jdk1.8.0_121\bin;C:\Users\vVadapalli\AppData\Local\Programs\Python\Python311;C:\Users\vVadapalli\AppData\Local\Programs\Python\Python311\Scripts;C:\Users\vVadapalli\Desktop\allure-2.20.1\bin;C:\Program Files\PowerShell\7;C:\Program Files\Git\cmd;C:\Users\vVadapalli\AppData\Local\Programs\Python\Python311\Scripts;C:\Users\vVadapalli\AppData\Local\Programs\Python\Python311;C:\Users\vVadapalli\AppData\Local\Microsoft\WindowsApps;C:\Program Files\JetBrains\IntelliJ IDEA Community Edition 2022.2.3\bin;C:\Program Files\JetBrains\PyCharm Community Edition 2022.2.3\bin;C:\Users\vVadapalli\AppData\Local\Programs\Microsoft VS Code\bin
USERNAME=vVadapalli
DISPLAY=:0.0
LC_ALL=en_US.UTF-8
TERM=xterm-256color
TMPDIR=C:\Users\VVADAP~1\AppData\Local\Temp\2
OS=Windows_NT
PROCESSOR_IDENTIFIER=Intel64 Family 6 Model 85 Stepping 7, GenuineIntel
TMP=C:\Users\VVADAP~1\AppData\Local\Temp\2
TEMP=C:\Users\VVADAP~1\AppData\Local\Temp\2



---------------  S Y S T E M  ---------------

OS:
 Windows 11 , 64 bit Build 22000 (10.0.22000.1516)
OS uptime: 5 days 18:53 hours
Hyper-V virtualization detected

CPU: total 4 (initial active 4) (4 cores per cpu, 1 threads per core) family 6 model 85 stepping 7 microcode 0xffffffff, cx8, cmov, fxsr, mmx, 3dnowpref, sse, sse2, sse3, ssse3, sse4.1, sse4.2, popcnt, lzcnt, tsc, avx, avx2, aes, erms, clmul, bmi1, bmi2, rtm, adx, avx512f, avx512dq, avx512cd, avx512bw, avx512vl, fma, vzeroupper, clflush, clflushopt, hv

Memory: 4k page, system-wide physical 16382M (3821M free)
TotalPageFile size 20478M (AvailPageFile size 203M)
current process WorkingSet (physical memory assigned to process): 11M, peak: 11M
current process commit charge ("private bytes"): 51M, peak: 307M

vm_info: OpenJDK 64-Bit Server VM (17.0.4.1+7-b469.62) for windows-amd64 JRE (17.0.4.1+7-b469.62), built on 2022-09-22 by "builduser" with MS VC++ 16.10 / 16.11 (VS2019)

END.
